2024-07-08T09:25:50.268+03:00  INFO 4732 --- [EarTechnicDeviceLibraryServiceApp] [main] com.alcanl.app.ApplicationTests          : Starting ApplicationTests using Java 21 with PID 4732 (started by alica in C:\Users\alica\Documents\GitHub\EarTechnicDeviceLibraryService)
2024-07-08T09:25:50.277+03:00  INFO 4732 --- [EarTechnicDeviceLibraryServiceApp] [main] com.alcanl.app.ApplicationTests          : No active profile set, falling back to 1 default profile: "default"
2024-07-08T09:25:50.367+03:00 DEBUG 4732 --- [EarTechnicDeviceLibraryServiceApp] [main] o.s.w.c.s.GenericWebApplicationContext   : Refreshing org.springframework.web.context.support.GenericWebApplicationContext@18e8473e
2024-07-08T09:25:51.994+03:00  INFO 4732 --- [EarTechnicDeviceLibraryServiceApp] [main] .s.d.r.c.RepositoryConfigurationDelegate : Bootstrapping Spring Data JPA repositories in DEFAULT mode.
2024-07-08T09:25:52.214+03:00  INFO 4732 --- [EarTechnicDeviceLibraryServiceApp] [main] .s.d.r.c.RepositoryConfigurationDelegate : Finished Spring Data repository scanning in 198 ms. Found 5 JPA repository interfaces.
2024-07-08T09:25:55.045+03:00  INFO 4732 --- [EarTechnicDeviceLibraryServiceApp] [main] o.s.o.j.p.SpringPersistenceUnitInfo      : No LoadTimeWeaver setup: ignoring JPA class transformer
2024-07-08T09:25:55.130+03:00  INFO 4732 --- [EarTechnicDeviceLibraryServiceApp] [main] com.zaxxer.hikari.HikariDataSource       : HikariPool-1 - Starting...
2024-07-08T09:25:55.842+03:00  INFO 4732 --- [EarTechnicDeviceLibraryServiceApp] [main] com.zaxxer.hikari.pool.HikariPool        : HikariPool-1 - Added connection org.postgresql.jdbc.PgConnection@1a785fd5
2024-07-08T09:25:55.846+03:00  INFO 4732 --- [EarTechnicDeviceLibraryServiceApp] [main] com.zaxxer.hikari.HikariDataSource       : HikariPool-1 - Start completed.
2024-07-08T09:25:59.023+03:00  INFO 4732 --- [EarTechnicDeviceLibraryServiceApp] [main] j.LocalContainerEntityManagerFactoryBean : Initialized JPA EntityManagerFactory for persistence unit 'default'
2024-07-08T09:25:59.725+03:00  INFO 4732 --- [EarTechnicDeviceLibraryServiceApp] [main] o.s.d.j.r.query.QueryEnhancerFactory     : Hibernate is in classpath; If applicable, HQL parser will be used.
2024-07-08T09:26:01.610+03:00  WARN 4732 --- [EarTechnicDeviceLibraryServiceApp] [main] JpaBaseConfiguration$JpaWebConfiguration : spring.jpa.open-in-view is enabled by default. Therefore, database queries may be performed during view rendering. Explicitly configure spring.jpa.open-in-view to disable this warning
2024-07-08T09:26:01.953+03:00 DEBUG 4732 --- [EarTechnicDeviceLibraryServiceApp] [main] s.w.s.m.m.a.RequestMappingHandlerMapping : 22 mappings in 'requestMappingHandlerMapping'
2024-07-08T09:26:02.262+03:00 DEBUG 4732 --- [EarTechnicDeviceLibraryServiceApp] [main] o.s.w.s.handler.SimpleUrlHandlerMapping  : Patterns [/webjars/**, /**] in 'resourceHandlerMapping'
2024-07-08T09:26:02.527+03:00 DEBUG 4732 --- [EarTechnicDeviceLibraryServiceApp] [main] s.w.s.m.m.a.RequestMappingHandlerAdapter : ControllerAdvice beans: 0 @ModelAttribute, 0 @InitBinder, 1 RequestBodyAdvice, 1 ResponseBodyAdvice
2024-07-08T09:26:02.729+03:00 DEBUG 4732 --- [EarTechnicDeviceLibraryServiceApp] [main] .m.m.a.ExceptionHandlerExceptionResolver : ControllerAdvice beans: 0 @ExceptionHandler, 1 ResponseBodyAdvice
2024-07-08T09:26:03.090+03:00  INFO 4732 --- [EarTechnicDeviceLibraryServiceApp] [main] com.alcanl.app.ApplicationTests          : Started ApplicationTests in 13.547 seconds (process running for 16.521)
2024-07-08T09:26:04.723+03:00 DEBUG 4732 --- [EarTechnicDeviceLibraryServiceApp] [SpringApplicationShutdownHook] o.s.w.c.s.GenericWebApplicationContext   : Closing org.springframework.web.context.support.GenericWebApplicationContext@18e8473e, started on Mon Jul 08 09:25:50 TRT 2024
2024-07-08T09:26:04.731+03:00  INFO 4732 --- [EarTechnicDeviceLibraryServiceApp] [SpringApplicationShutdownHook] j.LocalContainerEntityManagerFactoryBean : Closing JPA EntityManagerFactory for persistence unit 'default'
2024-07-08T09:26:04.734+03:00  INFO 4732 --- [EarTechnicDeviceLibraryServiceApp] [SpringApplicationShutdownHook] com.zaxxer.hikari.HikariDataSource       : HikariPool-1 - Shutdown initiated...
2024-07-08T09:26:04.760+03:00  INFO 4732 --- [EarTechnicDeviceLibraryServiceApp] [SpringApplicationShutdownHook] com.zaxxer.hikari.HikariDataSource       : HikariPool-1 - Shutdown completed.
2024-07-08T09:52:38.484+03:00  INFO 13548 --- [EarTechnicDeviceLibraryServiceApp] [main] com.alcanl.app.ApplicationTests          : Starting ApplicationTests using Java 21 with PID 13548 (started by alica in C:\Users\alica\Documents\GitHub\EarTechnicDeviceLibraryService)
2024-07-08T09:52:38.495+03:00  INFO 13548 --- [EarTechnicDeviceLibraryServiceApp] [main] com.alcanl.app.ApplicationTests          : No active profile set, falling back to 1 default profile: "default"
2024-07-08T09:52:38.602+03:00 DEBUG 13548 --- [EarTechnicDeviceLibraryServiceApp] [main] o.s.w.c.s.GenericWebApplicationContext   : Refreshing org.springframework.web.context.support.GenericWebApplicationContext@18e8473e
2024-07-08T09:52:40.178+03:00  INFO 13548 --- [EarTechnicDeviceLibraryServiceApp] [main] .s.d.r.c.RepositoryConfigurationDelegate : Bootstrapping Spring Data JPA repositories in DEFAULT mode.
2024-07-08T09:52:40.348+03:00  INFO 13548 --- [EarTechnicDeviceLibraryServiceApp] [main] .s.d.r.c.RepositoryConfigurationDelegate : Finished Spring Data repository scanning in 149 ms. Found 5 JPA repository interfaces.
2024-07-08T09:52:46.704+03:00  INFO 13548 --- [EarTechnicDeviceLibraryServiceApp] [main] o.s.o.j.p.SpringPersistenceUnitInfo      : No LoadTimeWeaver setup: ignoring JPA class transformer
2024-07-08T09:52:46.768+03:00  INFO 13548 --- [EarTechnicDeviceLibraryServiceApp] [main] com.zaxxer.hikari.HikariDataSource       : HikariPool-1 - Starting...
2024-07-08T09:52:47.347+03:00  INFO 13548 --- [EarTechnicDeviceLibraryServiceApp] [main] com.zaxxer.hikari.pool.HikariPool        : HikariPool-1 - Added connection org.postgresql.jdbc.PgConnection@4d43a1b7
2024-07-08T09:52:47.350+03:00  INFO 13548 --- [EarTechnicDeviceLibraryServiceApp] [main] com.zaxxer.hikari.HikariDataSource       : HikariPool-1 - Start completed.
2024-07-08T09:52:50.382+03:00  INFO 13548 --- [EarTechnicDeviceLibraryServiceApp] [main] j.LocalContainerEntityManagerFactoryBean : Initialized JPA EntityManagerFactory for persistence unit 'default'
2024-07-08T09:52:52.250+03:00  INFO 13548 --- [EarTechnicDeviceLibraryServiceApp] [main] o.s.d.j.r.query.QueryEnhancerFactory     : Hibernate is in classpath; If applicable, HQL parser will be used.
2024-07-08T09:52:53.768+03:00  WARN 13548 --- [EarTechnicDeviceLibraryServiceApp] [main] JpaBaseConfiguration$JpaWebConfiguration : spring.jpa.open-in-view is enabled by default. Therefore, database queries may be performed during view rendering. Explicitly configure spring.jpa.open-in-view to disable this warning
2024-07-08T09:52:53.987+03:00 DEBUG 13548 --- [EarTechnicDeviceLibraryServiceApp] [main] s.w.s.m.m.a.RequestMappingHandlerMapping : 22 mappings in 'requestMappingHandlerMapping'
2024-07-08T09:52:54.237+03:00 DEBUG 13548 --- [EarTechnicDeviceLibraryServiceApp] [main] o.s.w.s.handler.SimpleUrlHandlerMapping  : Patterns [/webjars/**, /**] in 'resourceHandlerMapping'
2024-07-08T09:52:54.298+03:00 DEBUG 13548 --- [EarTechnicDeviceLibraryServiceApp] [main] s.w.s.m.m.a.RequestMappingHandlerAdapter : ControllerAdvice beans: 0 @ModelAttribute, 0 @InitBinder, 1 RequestBodyAdvice, 1 ResponseBodyAdvice
2024-07-08T09:52:54.394+03:00 DEBUG 13548 --- [EarTechnicDeviceLibraryServiceApp] [main] .m.m.a.ExceptionHandlerExceptionResolver : ControllerAdvice beans: 0 @ExceptionHandler, 1 ResponseBodyAdvice
2024-07-08T09:52:54.738+03:00  INFO 13548 --- [EarTechnicDeviceLibraryServiceApp] [main] com.alcanl.app.ApplicationTests          : Started ApplicationTests in 17.103 seconds (process running for 20.656)
2024-07-08T09:52:56.077+03:00 DEBUG 13548 --- [EarTechnicDeviceLibraryServiceApp] [SpringApplicationShutdownHook] o.s.w.c.s.GenericWebApplicationContext   : Closing org.springframework.web.context.support.GenericWebApplicationContext@18e8473e, started on Mon Jul 08 09:52:38 TRT 2024
2024-07-08T09:52:56.108+03:00  INFO 13548 --- [EarTechnicDeviceLibraryServiceApp] [SpringApplicationShutdownHook] j.LocalContainerEntityManagerFactoryBean : Closing JPA EntityManagerFactory for persistence unit 'default'
2024-07-08T09:52:56.112+03:00  INFO 13548 --- [EarTechnicDeviceLibraryServiceApp] [SpringApplicationShutdownHook] com.zaxxer.hikari.HikariDataSource       : HikariPool-1 - Shutdown initiated...
2024-07-08T09:52:56.130+03:00  INFO 13548 --- [EarTechnicDeviceLibraryServiceApp] [SpringApplicationShutdownHook] com.zaxxer.hikari.HikariDataSource       : HikariPool-1 - Shutdown completed.
2024-07-08T10:01:40.966+03:00  INFO 1432 --- [EarTechnicDeviceLibraryServiceApp] [main] com.alcanl.app.Application               : Starting Application using Java 21 with PID 1432 (C:\Users\alica\Documents\GitHub\EarTechnicDeviceLibraryService\target\classes started by alica in C:\Users\alica\Documents\GitHub\EarTechnicDeviceLibraryService)
2024-07-08T10:01:40.969+03:00  INFO 1432 --- [EarTechnicDeviceLibraryServiceApp] [main] com.alcanl.app.Application               : No active profile set, falling back to 1 default profile: "default"
2024-07-08T10:01:42.046+03:00  INFO 1432 --- [EarTechnicDeviceLibraryServiceApp] [main] .s.d.r.c.RepositoryConfigurationDelegate : Bootstrapping Spring Data JPA repositories in DEFAULT mode.
2024-07-08T10:01:42.219+03:00  INFO 1432 --- [EarTechnicDeviceLibraryServiceApp] [main] .s.d.r.c.RepositoryConfigurationDelegate : Finished Spring Data repository scanning in 150 ms. Found 5 JPA repository interfaces.
2024-07-08T10:01:43.222+03:00  INFO 1432 --- [EarTechnicDeviceLibraryServiceApp] [main] o.s.b.w.embedded.tomcat.TomcatWebServer  : Tomcat initialized with port 50531 (http)
2024-07-08T10:01:43.236+03:00  INFO 1432 --- [EarTechnicDeviceLibraryServiceApp] [main] o.apache.catalina.core.StandardService   : Starting service [Tomcat]
2024-07-08T10:01:43.237+03:00  INFO 1432 --- [EarTechnicDeviceLibraryServiceApp] [main] o.apache.catalina.core.StandardEngine    : Starting Servlet engine: [Apache Tomcat/10.1.17]
2024-07-08T10:01:43.309+03:00  INFO 1432 --- [EarTechnicDeviceLibraryServiceApp] [main] o.a.c.c.C.[Tomcat].[localhost].[/]       : Initializing Spring embedded WebApplicationContext
2024-07-08T10:01:43.310+03:00  INFO 1432 --- [EarTechnicDeviceLibraryServiceApp] [main] w.s.c.ServletWebServerApplicationContext : Root WebApplicationContext: initialization completed in 2220 ms
2024-07-08T10:01:43.922+03:00  INFO 1432 --- [EarTechnicDeviceLibraryServiceApp] [main] o.s.o.j.p.SpringPersistenceUnitInfo      : No LoadTimeWeaver setup: ignoring JPA class transformer
2024-07-08T10:01:43.967+03:00  INFO 1432 --- [EarTechnicDeviceLibraryServiceApp] [main] com.zaxxer.hikari.HikariDataSource       : HikariPool-1 - Starting...
2024-07-08T10:01:44.194+03:00  INFO 1432 --- [EarTechnicDeviceLibraryServiceApp] [main] com.zaxxer.hikari.pool.HikariPool        : HikariPool-1 - Added connection org.postgresql.jdbc.PgConnection@83b0d0f
2024-07-08T10:01:44.196+03:00  INFO 1432 --- [EarTechnicDeviceLibraryServiceApp] [main] com.zaxxer.hikari.HikariDataSource       : HikariPool-1 - Start completed.
2024-07-08T10:01:45.923+03:00  INFO 1432 --- [EarTechnicDeviceLibraryServiceApp] [main] j.LocalContainerEntityManagerFactoryBean : Initialized JPA EntityManagerFactory for persistence unit 'default'
2024-07-08T10:01:46.301+03:00  INFO 1432 --- [EarTechnicDeviceLibraryServiceApp] [main] o.s.d.j.r.query.QueryEnhancerFactory     : Hibernate is in classpath; If applicable, HQL parser will be used.
2024-07-08T10:01:47.112+03:00  WARN 1432 --- [EarTechnicDeviceLibraryServiceApp] [main] JpaBaseConfiguration$JpaWebConfiguration : spring.jpa.open-in-view is enabled by default. Therefore, database queries may be performed during view rendering. Explicitly configure spring.jpa.open-in-view to disable this warning
2024-07-08T10:01:47.256+03:00 DEBUG 1432 --- [EarTechnicDeviceLibraryServiceApp] [main] s.w.s.m.m.a.RequestMappingHandlerMapping : 22 mappings in 'requestMappingHandlerMapping'
2024-07-08T10:01:47.380+03:00 DEBUG 1432 --- [EarTechnicDeviceLibraryServiceApp] [main] o.s.w.s.handler.SimpleUrlHandlerMapping  : Patterns [/webjars/**, /**] in 'resourceHandlerMapping'
2024-07-08T10:01:47.423+03:00 DEBUG 1432 --- [EarTechnicDeviceLibraryServiceApp] [main] s.w.s.m.m.a.RequestMappingHandlerAdapter : ControllerAdvice beans: 0 @ModelAttribute, 0 @InitBinder, 1 RequestBodyAdvice, 1 ResponseBodyAdvice
2024-07-08T10:01:47.468+03:00 DEBUG 1432 --- [EarTechnicDeviceLibraryServiceApp] [main] .m.m.a.ExceptionHandlerExceptionResolver : ControllerAdvice beans: 0 @ExceptionHandler, 1 ResponseBodyAdvice
2024-07-08T10:01:47.693+03:00  INFO 1432 --- [EarTechnicDeviceLibraryServiceApp] [main] o.s.b.w.embedded.tomcat.TomcatWebServer  : Tomcat started on port 50531 (http) with context path ''
2024-07-08T10:01:47.702+03:00  INFO 1432 --- [EarTechnicDeviceLibraryServiceApp] [main] com.alcanl.app.Application               : Started Application in 7.525 seconds (process running for 9.349)
2024-07-08T10:06:53.247+03:00  INFO 1432 --- [EarTechnicDeviceLibraryServiceApp] [SpringApplicationShutdownHook] j.LocalContainerEntityManagerFactoryBean : Closing JPA EntityManagerFactory for persistence unit 'default'
2024-07-08T10:06:53.250+03:00  INFO 1432 --- [EarTechnicDeviceLibraryServiceApp] [SpringApplicationShutdownHook] com.zaxxer.hikari.HikariDataSource       : HikariPool-1 - Shutdown initiated...
2024-07-08T10:06:53.264+03:00  INFO 1432 --- [EarTechnicDeviceLibraryServiceApp] [SpringApplicationShutdownHook] com.zaxxer.hikari.HikariDataSource       : HikariPool-1 - Shutdown completed.
